0 info it worked if it ends with ok
1 verbose cli [ '/usr/bin/nodejs', '/usr/bin/npm', 'run', 'start_web' ]
2 info using npm@3.10.10
3 info using node@v7.2.1
4 verbose run-script [ 'prestart_web', 'start_web', 'poststart_web' ]
5 info lifecycle tech-organiser@0.0.1~prestart_web: tech-organiser@0.0.1
6 silly lifecycle tech-organiser@0.0.1~prestart_web: no script for prestart_web, continuing
7 info lifecycle tech-organiser@0.0.1~start_web: tech-organiser@0.0.1
8 verbose lifecycle tech-organiser@0.0.1~start_web: unsafe-perm in lifecycle true
9 verbose lifecycle tech-organiser@0.0.1~start_web: PATH: /usr/lib/node_modules/npm/bin/node-gyp-bin:/home/vineet/projects/tech-management/node_modules/.bin:/home/vineet/bin:/home/vineet/.local/bin:/usr/local/sbin:/usr/local/bin:/usr/sbin:/usr/bin:/sbin:/bin:/usr/games:/usr/local/games:/snap/bin
10 verbose lifecycle tech-organiser@0.0.1~start_web: CWD: /home/vineet/projects/tech-management
11 silly lifecycle tech-organiser@0.0.1~start_web: Args: [ '-c', 'tsc && concurrently "tsc -w" "lite-server" ' ]
12 silly lifecycle tech-organiser@0.0.1~start_web: Returned: code: 2  signal: null
13 info lifecycle tech-organiser@0.0.1~start_web: Failed to exec start_web script
14 verbose stack Error: tech-organiser@0.0.1 start_web: `tsc && concurrently "tsc -w" "lite-server" `
14 verbose stack Exit status 2
14 verbose stack     at EventEmitter.<anonymous> (/usr/lib/node_modules/npm/lib/utils/lifecycle.js:255:16)
14 verbose stack     at emitTwo (events.js:106:13)
14 verbose stack     at EventEmitter.emit (events.js:191:7)
14 verbose stack     at ChildProcess.<anonymous> (/usr/lib/node_modules/npm/lib/utils/spawn.js:40:14)
14 verbose stack     at emitTwo (events.js:106:13)
14 verbose stack     at ChildProcess.emit (events.js:191:7)
14 verbose stack     at maybeClose (internal/child_process.js:885:16)
14 verbose stack     at Process.ChildProcess._handle.onexit (internal/child_process.js:226:5)
15 verbose pkgid tech-organiser@0.0.1
16 verbose cwd /home/vineet/projects/tech-management
17 error Linux 4.4.0-31-generic
18 error argv "/usr/bin/nodejs" "/usr/bin/npm" "run" "start_web"
19 error node v7.2.1
20 error npm  v3.10.10
21 error code ELIFECYCLE
22 error tech-organiser@0.0.1 start_web: `tsc && concurrently "tsc -w" "lite-server" `
22 error Exit status 2
23 error Failed at the tech-organiser@0.0.1 start_web script 'tsc && concurrently "tsc -w" "lite-server" '.
23 error Make sure you have the latest version of node.js and npm installed.
23 error If you do, this is most likely a problem with the tech-organiser package,
23 error not with npm itself.
23 error Tell the author that this fails on your system:
23 error     tsc && concurrently "tsc -w" "lite-server"
23 error You can get information on how to open an issue for this project with:
23 error     npm bugs tech-organiser
23 error Or if that isn't available, you can get their info via:
23 error     npm owner ls tech-organiser
23 error There is likely additional logging output above.
24 verbose exit [ 1, true ]
